<?xml version="1.0" encoding="UTF-8"?>
<!-- Generated by org.testng.reporters.JUnitXMLReporter -->
<testsuite ignored="5" hostname="EXTREME-PC" failures="0" tests="1" name="Default test" time="10.624" errors="0" timestamp="2022-08-11T22:08:02 CST">
  <testcase classname="NewTest" name="BusquedaPersonalizada" time="10.597"/>
  <testcase classname="NewTest" name="mostrarTiempos" time="0.0">
    <ignored/>
  </testcase> <!-- mostrarTiempos -->
  <testcase classname="NewTest" name="ExplorarCategoria" time="0.0">
    <ignored/>
  </testcase> <!-- ExplorarCategoria -->
  <testcase classname="NewTest" name="ExplorarPerfiles" time="0.0">
    <ignored/>
  </testcase> <!-- ExplorarPerfiles -->
  <testcase classname="NewTest" name="ErroresLoginRegistro" time="0.0">
    <ignored/>
  </testcase> <!-- ErroresLoginRegistro -->
  <testcase classname="NewTest" name="ExplorarPagos" time="0.0">
    <ignored/>
  </testcase> <!-- ExplorarPagos -->
</testsuite> <!-- Default test -->
