<?xml version="1.0" encoding="UTF-8"?>
<testng-results ignored="5" total="6" passed="1" failed="0" skipped="0">
  <reporter-output>
  </reporter-output>
  <suite started-at="2022-08-11T22:07:51 CST" name="Default suite" finished-at="2022-08-11T22:08:02 CST" duration-ms="10624">
    <groups>
    </groups>
    <test started-at="2022-08-11T22:07:51 CST" name="Default test" finished-at="2022-08-11T22:08:02 CST" duration-ms="10624">
      <class name="NewTest">
        <test-method signature="BusquedaPersonalizada()[pri:0, instance:NewTest@76b1e9b8]" started-at="2022-08-11T22:07:51 CST" name="BusquedaPersonalizada" finished-at="2022-08-11T22:08:02 CST" duration-ms="10597" status="PASS">
          <reporter-output>
          </reporter-output>
        </test-method> <!-- BusquedaPersonalizada -->
      </class> <!-- NewTest -->
    </test> <!-- Default test -->
  </suite> <!-- Default suite -->
</testng-results>
